start at:2020-05-29 16:06:00.511440

[*] Analyzing APK ...

[*]url patern found:

[*]url class path found:
FOUND: 1 http://secclientgw.alipay.com/mobile/switch.xml
XREFto for string 'http://secclientgw.alipay.com/mobile/switch.xml' in
Lcom/alipay/mobilesecuritysdk/model/Upload;:Lcom/alipay/mobilesecuritysdk/model/Upload;->communicateSwitch()Lcom/alipay/mobilesecuritysdk/datainfo/GeoResponseInfo; [access_flags=public] @ 0x286f4c

FOUND: 2 http://m.alipay.com/?action=h5quit
XREFto for string 'http://m.alipay.com/?action=h5quit' in
Lcom/alipay/sdk/app/H5PayActivity$MyWebViewClient;:Lcom/alipay/sdk/app/H5PayActivity$MyWebViewClient;->shouldOverrideUrlLoading(Landroid/webkit/WebView; Ljava/lang/String;)Z [access_flags=public] @ 0x287e38

FOUND: 3 http://mcashier.stable.alipay.net/home/exterfaceAssign.htm?
XREFto for string 'http://mcashier.stable.alipay.net/home/exterfaceAssign.htm?' in
Lcom/alipay/sdk/app/PayTask;:Lcom/alipay/sdk/app/PayTask;->a()Ljava/lang/String; [access_flags=private] @ 0x288c98
Lcom/alipay/sdk/app/PayTask;:Lcom/alipay/sdk/app/PayTask;->b()Ljava/lang/String; [access_flags=private] @ 0x28906c

FOUND: 4 http://mobileclientgw.stable.alipay.net/home/exterfaceAssign.htm?
XREFto for string 'http://mobileclientgw.stable.alipay.net/home/exterfaceAssign.htm?' in
Lcom/alipay/sdk/app/PayTask;:Lcom/alipay/sdk/app/PayTask;->a()Ljava/lang/String; [access_flags=private] @ 0x288c98
Lcom/alipay/sdk/app/PayTask;:Lcom/alipay/sdk/app/PayTask;->b()Ljava/lang/String; [access_flags=private] @ 0x28906c

FOUND: 5 http://mcgw.alipay.com/gateway.do
XREFto for string 'http://mcgw.alipay.com/gateway.do' in
Lcom/alipay/sdk/cons/GlobalConstants;:Lcom/alipay/sdk/cons/GlobalConstants;-><clinit>()V [access_flags=static constructor] @ 0x28b3ac

FOUND: 6 http://www.baidu.com
XREFto for string 'http://www.baidu.com' in
Lcom/baidu/paysdk/login/LoginActivity;:Lcom/baidu/paysdk/login/LoginActivity;->buildUrl(I)Ljava/lang/String; [access_flags=private] @ 0x5a5438
Lcom/baidu/paysdk/ui/PassNormalizeActivity;:Lcom/baidu/paysdk/ui/PassNormalizeActivity;->webLogin(Landroid/content/Context; Ljava/lang/String;)Z [access_flags=public static] @ 0x61dd8c
Lcom/baidu/paysdk/login/LoginActivity$CustWebViewClient;:Lcom/baidu/paysdk/login/LoginActivity$CustWebViewClient;->onPageStarted(Landroid/webkit/WebView; Ljava/lang/String; Landroid/graphics/Bitmap;)V [access_flags=public] @ 0x2a2a64

FOUND: 7 http://wappass.baidu.com/v2/?bindingret
XREFto for string 'http://wappass.baidu.com/v2/?bindingret' in
Lcom/baidu/paysdk/ui/PassNormalizeActivity$MyWebViewClient;:Lcom/baidu/paysdk/ui/PassNormalizeActivity$MyWebViewClient;->onPageFinished(Landroid/webkit/WebView; Ljava/lang/String;)V [access_flags=public] @ 0x2a486c

FOUND: 8 http://www.baidu.com/
XREFto for string 'http://www.baidu.com/' in
Lcom/baidu/paysdk/ui/PassNormalizeActivity$MyWebViewClient;:Lcom/baidu/paysdk/ui/PassNormalizeActivity$MyWebViewClient;->onPageStarted(Landroid/webkit/WebView; Ljava/lang/String; Landroid/graphics/Bitmap;)V [access_flags=public] @ 0x2a4914

FOUND: 9 http://co.baifubao.com/content/mywallet/mobile/score_tip.cfg
XREFto for string 'http://co.baifubao.com/content/mywallet/mobile/score_tip.cfg' in
Lcom/baidu/paysdk/beans/j;:Lcom/baidu/paysdk/beans/j;->getUrl()Ljava/lang/String; [access_flags=public] @ 0x4a2c94

FOUND: 10 http://sissi.pingxx.com/mock.php?ch_id=%s&channel=%s
XREFto for string 'http://sissi.pingxx.com/mock.php?ch_id=%s&channel=%s' in
Lcom/pingplusplus/android/PaymentActivity;:Lcom/pingplusplus/android/PaymentActivity;->b(Ljava/lang/String; Ljava/lang/String;)V [access_flags=private] @ 0x4f2b00

FOUND: 11 http://mobiletest.yeepay.com/paymobile/api/pay/request?merchantaccount=%s&encryptkey=%s&data=%s
XREFto for string 'http://mobiletest.yeepay.com/paymobile/api/pay/request?merchantaccount=%s&encryptkey=%s&data=%s' in
Lcom/pingplusplus/android/PaymentActivity;:Lcom/pingplusplus/android/PaymentActivity;->e(Lorg/json/JSONObject;)V [access_flags=private] @ 0x4f2fa0

FOUND: 12 http://maliprod.stable.alipay.net/w/trade_pay.do
XREFto for string 'http://maliprod.stable.alipay.net/w/trade_pay.do' in
Lcom/taobao/tae/sdk/alipay/AlipayComponent;:Lcom/taobao/tae/sdk/alipay/AlipayComponent;->start(Lcom/taobao/tae/sdk/app/AppContext; Lcom/taobao/tae/sdk/plugin/PluginContext;)V [access_flags=public] @ 0x4f82dc

FOUND: 13 http://maliprod.stable.alipay.net/batch_payment.do
XREFto for string 'http://maliprod.stable.alipay.net/batch_payment.do' in
Lcom/taobao/tae/sdk/alipay/AlipayComponent;:Lcom/taobao/tae/sdk/alipay/AlipayComponent;->start(Lcom/taobao/tae/sdk/app/AppContext; Lcom/taobao/tae/sdk/plugin/PluginContext;)V [access_flags=public] @ 0x4f82dc

FOUND: 14 http://co.baifubao.com/content/resource/HTML5/eptos.html
XREFto for string 'http://co.baifubao.com/content/resource/HTML5/eptos.html' in
Lcom/baidu/paysdk/ui/WebViewActivity;:Lcom/baidu/paysdk/ui/WebViewActivity;->onCreate(Landroid/os/Bundle;)V [access_flags=public] @ 0x5a6494

FOUND: 15 http://dxurl.cn/own/yhds/baifubao
XREFto for string 'http://dxurl.cn/own/yhds/baifubao' in
Lcom/baidu/paysdk/ui/SecurityCenterActivity;:Lcom/baidu/paysdk/ui/SecurityCenterActivity;->downloadWeishi()V [access_flags=private] @ 0x61f9f0

FOUND: 16 http://112.124.100.228:8002/payNotifyUrl.ashx
XREFto for string 'http://112.124.100.228:8002/payNotifyUrl.ashx' in
Lcom/kamenwang/app/android/ui/ChoosePayTypeNewActivity;:Lcom/kamenwang/app/android/ui/ChoosePayTypeNewActivity;->genProductArgs()Ljava/lang/String; [access_flags=private] @ 0x626e48

FOUND: 17 http://112.124.100.228:8002/notify_url.aspx
XREFto for string 'http://112.124.100.228:8002/notify_url.aspx' in
Lcom/kamenwang/app/android/ui/ChoosePayTypeNewActivity;:Lcom/kamenwang/app/android/ui/ChoosePayTypeNewActivity;->getNewOrderInfo()Ljava/lang/String; [access_flags=private] @ 0x6271d0

FOUND: 18 http://m.alipay.com
XREFto for string 'http://m.alipay.com' in
Lcom/kamenwang/app/android/ui/ChoosePayTypeNewActivity;:Lcom/kamenwang/app/android/ui/ChoosePayTypeNewActivity;->getNewOrderInfo()Ljava/lang/String; [access_flags=private] @ 0x6271d0

Total Found: 18

end at:2020-05-29 16:06:39.557606
total time:0:00:39.046166
Maximum Memory Usage: 1109.64453125 MB
