start at:2020-05-29 16:10:05.733241

[*] Analyzing APK ...

[*]url patern found:

[*]url class path found:
FOUND: 1 http://secclientgw.alipay.com/mobile/switch.xml
XREFto for string 'http://secclientgw.alipay.com/mobile/switch.xml' in
Lcom/alipay/mobilesecuritysdk/model/Upload;:Lcom/alipay/mobilesecuritysdk/model/Upload;->communicateSwitch()Lcom/alipay/mobilesecuritysdk/datainfo/GeoResponseInfo; [access_flags=public] @ 0x12d680

FOUND: 2 http://m.alipay.com/?action=h5quit
XREFto for string 'http://m.alipay.com/?action=h5quit' in
Lcom/alipay/sdk/app/H5PayActivity$MyWebViewClient;:Lcom/alipay/sdk/app/H5PayActivity$MyWebViewClient;->shouldOverrideUrlLoading(Landroid/webkit/WebView; Ljava/lang/String;)Z [access_flags=public] @ 0x12e56c

FOUND: 3 http://mcashier.stable.alipay.net/home/exterfaceAssign.htm?
XREFto for string 'http://mcashier.stable.alipay.net/home/exterfaceAssign.htm?' in
Lcom/alipay/sdk/app/PayTask;:Lcom/alipay/sdk/app/PayTask;->a()Ljava/lang/String; [access_flags=private] @ 0x12f454
Lcom/alipay/sdk/app/PayTask;:Lcom/alipay/sdk/app/PayTask;->b()Ljava/lang/String; [access_flags=private] @ 0x12f868

FOUND: 4 http://mobileclientgw.stable.alipay.net/home/exterfaceAssign.htm?
XREFto for string 'http://mobileclientgw.stable.alipay.net/home/exterfaceAssign.htm?' in
Lcom/alipay/sdk/app/PayTask;:Lcom/alipay/sdk/app/PayTask;->a()Ljava/lang/String; [access_flags=private] @ 0x12f454
Lcom/alipay/sdk/app/PayTask;:Lcom/alipay/sdk/app/PayTask;->b()Ljava/lang/String; [access_flags=private] @ 0x12f868

FOUND: 5 http://mcgw.alipay.com/gateway.do
XREFto for string 'http://mcgw.alipay.com/gateway.do' in
Lcom/alipay/sdk/cons/GlobalConstants;:Lcom/alipay/sdk/cons/GlobalConstants;-><clinit>()V [access_flags=static constructor] @ 0x13182c

FOUND: 6 http://www.baidu.com
XREFto for string 'http://www.baidu.com' in
Lcom/baidu/paysdk/login/LoginActivity;:Lcom/baidu/paysdk/login/LoginActivity;->buildUrl(I)Ljava/lang/String; [access_flags=private] @ 0x2d4098
Lcom/baidu/paysdk/login/LoginActivity$CustWebViewClient;:Lcom/baidu/paysdk/login/LoginActivity$CustWebViewClient;->onPageStarted(Landroid/webkit/WebView; Ljava/lang/String; Landroid/graphics/Bitmap;)V [access_flags=public] @ 0x170f10
Lcom/baidu/paysdk/ui/PassNormalizeActivity;:Lcom/baidu/paysdk/ui/PassNormalizeActivity;->webLogin(Landroid/content/Context; Ljava/lang/String;)Z [access_flags=public static] @ 0x300098

FOUND: 7 http://wappass.baidu.com/v2/?bindingret
XREFto for string 'http://wappass.baidu.com/v2/?bindingret' in
Lcom/baidu/paysdk/ui/PassNormalizeActivity$MyWebViewClient;:Lcom/baidu/paysdk/ui/PassNormalizeActivity$MyWebViewClient;->onPageFinished(Landroid/webkit/WebView; Ljava/lang/String;)V [access_flags=public] @ 0x172d18

FOUND: 8 http://www.baidu.com/
XREFto for string 'http://www.baidu.com/' in
Lcom/baidu/paysdk/ui/PassNormalizeActivity$MyWebViewClient;:Lcom/baidu/paysdk/ui/PassNormalizeActivity$MyWebViewClient;->onPageStarted(Landroid/webkit/WebView; Ljava/lang/String; Landroid/graphics/Bitmap;)V [access_flags=public] @ 0x172dc0

FOUND: 9 http://co.baifubao.com/content/mywallet/mobile/score_tip.cfg
XREFto for string 'http://co.baifubao.com/content/mywallet/mobile/score_tip.cfg' in
Lcom/baidu/paysdk/beans/j;:Lcom/baidu/paysdk/beans/j;->getUrl()Ljava/lang/String; [access_flags=public] @ 0x271ba4

FOUND: 10 http://co.baifubao.com/content/resource/HTML5/eptos.html
XREFto for string 'http://co.baifubao.com/content/resource/HTML5/eptos.html' in
Lcom/baidu/paysdk/ui/WebViewActivity;:Lcom/baidu/paysdk/ui/WebViewActivity;->onCreate(Landroid/os/Bundle;)V [access_flags=public] @ 0x2d50f4

FOUND: 11 http://api.jiewo.com
XREFto for string 'http://api.jiewo.com' in
Lcom/jiewo/wxapi/WXPayEntryActivity;:Lcom/jiewo/wxapi/WXPayEntryActivity;->createOrderInfo(Ljava/lang/String; Ljava/lang/String; Ljava/lang/String;)Ljava/lang/String; [access_flags=private] @ 0x2f0e5c

FOUND: 12 http://api.jiewo.com/payNotifyUrl.jsp
XREFto for string 'http://api.jiewo.com/payNotifyUrl.jsp' in
Lcom/jiewo/wxapi/WXPayEntryActivity;:Lcom/jiewo/wxapi/WXPayEntryActivity;->genProductArgs()Ljava/lang/String; [access_flags=private] @ 0x2f132c

FOUND: 13 http://dxurl.cn/own/yhds/baifubao
XREFto for string 'http://dxurl.cn/own/yhds/baifubao' in
Lcom/baidu/paysdk/ui/SecurityCenterActivity;:Lcom/baidu/paysdk/ui/SecurityCenterActivity;->downloadWeishi()V [access_flags=private] @ 0x301cfc

Total Found: 13

end at:2020-05-29 16:10:23.468773
total time:0:00:17.735532
Maximum Memory Usage: 581.84765625 MB
